<?xml version="1.0" encoding="UTF-8"?>
<testng-results ignored="0" total="1" passed="1" failed="0" skipped="0">
  <reporter-output>
  </reporter-output>
  <suite started-at="2023-12-02T07:21:56 IST" name="Default suite" finished-at="2023-12-02T07:21:56 IST" duration-ms="58">
    <groups>
    </groups>
    <test started-at="2023-12-02T07:21:56 IST" name="Default test" finished-at="2023-12-02T07:21:56 IST" duration-ms="58">
      <class name="com.qa.tests.login2">
        <test-method signature="login2()[pri:0, instance:com.qa.tests.login2@20140db9]" started-at="2023-12-02T07:21:56 IST" name="login2" finished-at="2023-12-02T07:21:56 IST" duration-ms="9" status="PASS">
          <reporter-output>
          </reporter-output>
        </test-method> <!-- login2 -->
      </class> <!-- com.qa.tests.login2 -->
    </test> <!-- Default test -->
  </suite> <!-- Default suite -->
</testng-results>
